Sat Oct 21 00:46:48 2017, 1508539608.184,    26.150,    47.160
Sat Oct 21 00:46:59 2017, 1508539619.505,    26.120,    47.240
Sat Oct 21 00:47:10 2017, 1508539630.890,    26.150,    47.140
Sat Oct 21 00:47:22 2017, 1508539642.351,    26.120,    44.910
Sat Oct 21 00:47:33 2017, 1508539653.816,    26.120,    41.410
Sat Oct 21 00:47:45 2017, 1508539665.287,    26.060,    41.860
Sat Oct 21 00:47:56 2017, 1508539676.740,    26.020,    41.360
Sat Oct 21 00:48:08 2017, 1508539688.233,    26.040,    40.800
Sat Oct 21 00:48:19 2017, 1508539699.662,    26.010,    41.010
Sat Oct 21 00:48:31 2017, 1508539711.134,    25.980,    40.890
Sat Oct 21 00:48:42 2017, 1508539722.588,    25.980,    40.760
Sat Oct 21 00:48:54 2017, 1508539734.074,    25.980,    40.940
Sat Oct 21 00:49:05 2017, 1508539745.520,    25.980,    40.630
Sat Oct 21 00:49:16 2017, 1508539756.999,    25.950,    40.190
Sat Oct 21 00:49:28 2017, 1508539768.470,    25.960,    40.560
Sat Oct 21 00:49:39 2017, 1508539779.920,    25.960,    40.440
Sat Oct 21 00:49:51 2017, 1508539791.382,    25.990,    40.810
Sat Oct 21 00:50:02 2017, 1508539802.839,    25.950,    40.400
Sat Oct 21 00:50:14 2017, 1508539814.313,    25.960,    40.410
Sat Oct 21 00:50:25 2017, 1508539825.904,    25.950,    40.330
Sat Oct 21 00:50:37 2017, 1508539837.373,    25.980,    40.290
Sat Oct 21 00:50:48 2017, 1508539848.827,    25.950,    40.240
Sat Oct 21 00:51:00 2017, 1508539860.301,    25.990,    40.530
Sat Oct 21 00:51:11 2017, 1508539871.759,    25.980,    40.410
Sat Oct 21 00:51:23 2017, 1508539883.229,    25.980,    40.460
Sat Oct 21 00:51:34 2017, 1508539894.699,    25.990,    40.190
Sat Oct 21 00:51:46 2017, 1508539906.157,    25.990,    40.180
Sat Oct 21 00:51:57 2017, 1508539917.685,    26.050,    40.430
Sat Oct 21 00:52:09 2017, 1508539929.093,    26.050,    44.550
Sat Oct 21 00:52:20 2017, 1508539940.541,    26.120,    48.510
Sat Oct 21 00:52:32 2017, 1508539952.015,    26.190,    48.330
Sat Oct 21 00:52:43 2017, 1508539963.477,    26.290,    49.040
Sat Oct 21 00:52:54 2017, 1508539974.955,    26.290,    47.130
Sat Oct 21 00:53:06 2017, 1508539986.407,    26.350,    46.610
Sat Oct 21 00:53:17 2017, 1508539997.867,    26.380,    47.250
Sat Oct 21 00:53:31 2017, 1508540011.465,    26.470,    48.020
Sat Oct 21 00:53:43 2017, 1508540023.329,    26.540,    46.750
Sat Oct 21 00:56:10 2017, 1508540170.741,    27.010,    44.060
Sat Oct 21 00:56:22 2017, 1508540182.477,    27.020,    44.450
Sat Oct 21 00:59:17 2017, 1508540357.079,    27.380,    45.770
Sat Oct 21 00:59:28 2017, 1508540368.800,    27.360,    44.910
Sat Oct 21 00:59:40 2017, 1508540380.201,    27.390,    42.550
Sat Oct 21 00:59:51 2017, 1508540391.669,    27.380,    41.370
Sat Oct 21 01:00:03 2017, 1508540403.150,    27.330,    39.650
Sat Oct 21 01:00:14 2017, 1508540414.597,    27.260,    39.270
Sat Oct 21 01:00:26 2017, 1508540426.076,    27.190,    39.300
Sat Oct 21 01:00:37 2017, 1508540437.694,    27.110,    39.080
Sat Oct 21 01:00:49 2017, 1508540449.011,    27.090,    38.740
Sat Oct 21 01:01:00 2017, 1508540460.478,    27.050,    38.350
Sat Oct 21 01:01:11 2017, 1508540471.951,    27.050,    38.610
Sat Oct 21 01:01:23 2017, 1508540483.419,    27.040,    38.860
Sat Oct 21 01:01:34 2017, 1508540494.878,    27.040,    38.790
Sat Oct 21 01:01:46 2017, 1508540506.346,    27.040,    38.960
Sat Oct 21 01:01:57 2017, 1508540517.811,    27.020,    38.960
Sat Oct 21 01:02:09 2017, 1508540529.270,    26.980,    38.940
Sat Oct 21 01:02:20 2017, 1508540540.747,    26.980,    38.760
Sat Oct 21 01:02:32 2017, 1508540552.218,    26.980,    38.680
Sat Oct 21 01:02:43 2017, 1508540563.687,    26.970,    38.560
Sat Oct 21 01:02:55 2017, 1508540575.150,    26.970,    38.490
Sat Oct 21 01:03:06 2017, 1508540586.615,    26.970,    38.690
Sat Oct 21 01:03:18 2017, 1508540598.083,    26.980,    38.520
Sat Oct 21 01:03:29 2017, 1508540609.554,    26.970,    38.600
Sat Oct 21 01:03:41 2017, 1508540621.017,    26.930,    38.490
Sat Oct 21 01:03:52 2017, 1508540632.493,    26.910,    38.750
Sat Oct 21 01:04:03 2017, 1508540643.985,    26.900,    38.470
Sat Oct 21 01:04:15 2017, 1508540655.440,    26.880,    38.400
Sat Oct 21 01:04:27 2017, 1508540667.012,    26.870,    38.280
Sat Oct 21 01:04:38 2017, 1508540678.505,    26.850,    38.460
Sat Oct 21 01:04:49 2017, 1508540689.955,    26.810,    38.470
Sat Oct 21 01:05:01 2017, 1508540701.421,    26.800,    38.590
Sat Oct 21 01:05:12 2017, 1508540712.907,    26.810,    38.710
Sat Oct 21 01:05:24 2017, 1508540724.356,    26.770,    38.790
Sat Oct 21 01:05:35 2017, 1508540735.816,    26.830,    38.900
Sat Oct 21 01:05:47 2017, 1508540747.299,    26.840,    42.260
Sat Oct 21 01:05:58 2017, 1508540758.758,    26.810,    39.340
Sat Oct 21 01:06:10 2017, 1508540770.232,    26.850,    39.260
Sat Oct 21 01:06:21 2017, 1508540781.695,    26.800,    39.100
Sat Oct 21 01:06:33 2017, 1508540793.166,    26.760,    39.350
Sat Oct 21 01:06:44 2017, 1508540804.636,    26.770,    39.580
Sat Oct 21 01:06:56 2017, 1508540816.115,    26.760,    40.330
Sat Oct 21 01:07:07 2017, 1508540827.582,    26.740,    41.500
Sat Oct 21 01:07:19 2017, 1508540839.053,    26.740,    42.470
Sat Oct 21 01:07:30 2017, 1508540850.556,    26.740,    42.310
Sat Oct 21 01:07:42 2017, 1508540862.029,    26.680,    41.970
Sat Oct 21 01:07:53 2017, 1508540873.491,    26.710,    42.870
Sat Oct 21 01:08:04 2017, 1508540884.988,    26.730,    42.950
Sat Oct 21 01:08:16 2017, 1508540896.574,    26.730,    43.010
Sat Oct 21 01:08:28 2017, 1508540908.043,    26.700,    42.820
Sat Oct 21 01:08:39 2017, 1508540919.663,    26.670,    41.510
Sat Oct 21 01:08:50 2017, 1508540930.985,    26.730,    43.360
Sat Oct 21 01:09:02 2017, 1508540942.446,    26.740,    44.050
Sat Oct 21 01:09:13 2017, 1508540953.920,    26.680,    43.080
Sat Oct 21 01:09:25 2017, 1508540965.374,    26.560,    44.050
Sat Oct 21 01:09:39 2017, 1508540979.805,    26.530,    44.120
Sat Oct 21 01:09:51 2017, 1508540991.925,    26.590,    44.120
Sat Oct 21 01:10:02 2017, 1508541002.828,    26.600,    43.920
Sat Oct 21 01:10:14 2017, 1508541014.358,    26.560,    43.950
Sat Oct 21 01:10:25 2017, 1508541025.753,    26.530,    43.850
Sat Oct 21 01:10:37 2017, 1508541037.258,    26.510,    44.050
Sat Oct 21 01:10:48 2017, 1508541048.703,    26.490,    44.030
Sat Oct 21 01:11:00 2017, 1508541060.156,    26.430,    43.990
Sat Oct 21 01:11:11 2017, 1508541071.649,    26.380,    44.100
Sat Oct 21 01:11:23 2017, 1508541083.096,    26.330,    44.340
Sat Oct 21 01:11:34 2017, 1508541094.562,    26.310,    44.420
Sat Oct 21 01:11:46 2017, 1508541106.029,    26.280,    44.280
Sat Oct 21 01:11:57 2017, 1508541117.514,    26.230,    44.230
Sat Oct 21 01:12:08 2017, 1508541128.969,    26.210,    44.530
Sat Oct 21 01:12:20 2017, 1508541140.448,    26.130,    44.730
Sat Oct 21 01:12:31 2017, 1508541151.933,    26.120,    44.690
Sat Oct 21 01:12:43 2017, 1508541163.441,    26.080,    44.790
Sat Oct 21 01:12:54 2017, 1508541174.903,    26.040,    44.860
Sat Oct 21 01:13:06 2017, 1508541186.378,    26.040,    44.920
Sat Oct 21 01:13:17 2017, 1508541197.835,    25.950,    44.710
Sat Oct 21 01:13:29 2017, 1508541209.323,    25.950,    44.690
Sat Oct 21 01:13:40 2017, 1508541220.780,    25.910,    45.090
Sat Oct 21 01:13:52 2017, 1508541232.254,    25.840,    45.260
Sat Oct 21 01:14:03 2017, 1508541243.740,    25.870,    45.220
Sat Oct 21 01:14:15 2017, 1508541255.212,    25.840,    45.260
Sat Oct 21 01:14:26 2017, 1508541266.667,    25.800,    45.490
Sat Oct 21 01:14:38 2017, 1508541278.177,    25.760,    45.580
Sat Oct 21 01:14:49 2017, 1508541289.610,    25.730,    45.660
Sat Oct 21 01:15:01 2017, 1508541301.144,    25.700,    45.580
Sat Oct 21 01:15:12 2017, 1508541312.540,    25.680,    45.620
Sat Oct 21 01:15:24 2017, 1508541324.037,    25.660,    45.610
Sat Oct 21 01:15:35 2017, 1508541335.517,    25.630,    45.860
Sat Oct 21 01:15:46 2017, 1508541346.995,    25.570,    46.020
Sat Oct 21 01:15:58 2017, 1508541358.449,    25.560,    46.170
Sat Oct 21 01:16:09 2017, 1508541369.925,    25.560,    46.110
Sat Oct 21 01:16:21 2017, 1508541381.440,    25.540,    46.070
Sat Oct 21 01:16:32 2017, 1508541392.864,    25.500,    46.790
Sat Oct 21 01:16:44 2017, 1508541404.330,    25.490,    46.940
Sat Oct 21 01:16:55 2017, 1508541415.810,    25.530,    46.870
Sat Oct 21 01:17:07 2017, 1508541427.345,    25.510,    46.690
Sat Oct 21 01:17:18 2017, 1508541438.766,    25.490,    46.550
Sat Oct 21 01:17:30 2017, 1508541450.254,    25.500,    46.930
Sat Oct 21 01:17:41 2017, 1508541461.730,    25.500,    47.140
Sat Oct 21 01:17:53 2017, 1508541473.305,    25.410,    47.150
Sat Oct 21 01:18:04 2017, 1508541484.799,    25.390,    46.960
Sat Oct 21 01:18:16 2017, 1508541496.278,    25.400,    46.900
Sat Oct 21 01:18:27 2017, 1508541507.750,    25.370,    46.970
Sat Oct 21 01:18:39 2017, 1508541519.302,    25.370,    46.850
Sat Oct 21 01:18:50 2017, 1508541530.683,    25.340,    47.070
Sat Oct 21 01:19:02 2017, 1508541542.153,    25.330,    47.040
Sat Oct 21 01:19:13 2017, 1508541553.645,    25.330,    47.130
Sat Oct 21 01:19:25 2017, 1508541565.115,    25.330,    47.110
Sat Oct 21 01:19:36 2017, 1508541576.582,    25.360,    46.730
Sat Oct 21 01:19:48 2017, 1508541588.060,    25.340,    47.120
Sat Oct 21 01:19:59 2017, 1508541599.561,    25.360,    47.240
Sat Oct 21 01:20:11 2017, 1508541611.038,    25.340,    46.950
Sat Oct 21 01:20:23 2017, 1508541623.524,    25.320,    47.260
Sat Oct 21 01:20:34 2017, 1508541634.987,    25.290,    47.150
Sat Oct 21 01:20:46 2017, 1508541646.627,    25.280,    47.120
Sat Oct 21 01:20:58 2017, 1508541658.120,    25.300,    46.700
Sat Oct 21 01:21:09 2017, 1508541669.532,    25.290,    46.700
Sat Oct 21 01:21:22 2017, 1508541682.216,    25.290,    46.590
Sat Oct 21 01:21:33 2017, 1508541693.592,    25.320,    46.780
Sat Oct 21 01:21:45 2017, 1508541705.136,    25.290,    46.880
Sat Oct 21 01:21:56 2017, 1508541716.574,    25.290,    46.510
Sat Oct 21 01:22:08 2017, 1508541728.076,    25.290,    46.570
Sat Oct 21 01:22:19 2017, 1508541739.399,    25.260,    46.590
Sat Oct 21 01:22:31 2017, 1508541751.020,    25.280,    46.670
Sat Oct 21 01:22:42 2017, 1508541762.521,    25.260,    46.490
Sat Oct 21 01:22:54 2017, 1508541774.090,    25.250,    46.560
Sat Oct 21 01:23:05 2017, 1508541785.605,    25.280,    46.420
Sat Oct 21 01:23:16 2017, 1508541796.956,    25.260,    46.500
Sat Oct 21 01:23:28 2017, 1508541808.600,    25.250,    46.540
Sat Oct 21 01:23:40 2017, 1508541820.073,    25.250,    46.570
Sat Oct 21 01:23:51 2017, 1508541831.692,    25.250,    46.570
Sat Oct 21 01:24:02 2017, 1508541842.937,    25.230,    46.490
Sat Oct 21 01:24:14 2017, 1508541854.322,    25.230,    46.880
Sat Oct 21 01:24:25 2017, 1508541865.924,    25.250,    47.170
Sat Oct 21 01:24:37 2017, 1508541877.408,    25.250,    47.080
Sat Oct 21 01:24:48 2017, 1508541888.904,    25.250,    46.650
Sat Oct 21 01:25:00 2017, 1508541900.329,    25.230,    46.680
Sat Oct 21 01:25:11 2017, 1508541911.702,    25.230,    46.620
Sat Oct 21 01:34:22 2017, 1508542462.471,    25.260,    53.880
Sat Oct 21 01:34:37 2017, 1508542477.785,    25.320,    51.590
Sat Oct 21 01:34:49 2017, 1508542489.205,    25.290,    51.790
Sat Oct 21 01:35:00 2017, 1508542500.676,    25.280,    52.990
Sat Oct 21 01:35:12 2017, 1508542512.169,    25.340,    54.970
Sat Oct 21 01:35:23 2017, 1508542523.647,    25.400,    55.340
Sat Oct 21 01:35:35 2017, 1508542535.254,    25.370,    54.310
Sat Oct 21 01:35:46 2017, 1508542546.612,    25.360,    52.190
Sat Oct 21 01:35:58 2017, 1508542558.090,    25.340,    51.960
Sat Oct 21 01:36:09 2017, 1508542569.569,    25.330,    51.180
Sat Oct 21 01:36:21 2017, 1508542581.046,    25.320,    50.130
Sat Oct 21 01:36:32 2017, 1508542592.548,    25.320,    49.810
Sat Oct 21 01:36:44 2017, 1508542604.125,    25.290,    51.090
Sat Oct 21 01:36:55 2017, 1508542615.608,    25.330,    51.640
Sat Oct 21 01:37:07 2017, 1508542627.070,    25.360,    53.890
Sat Oct 21 01:37:18 2017, 1508542638.692,    25.390,    53.220
Sat Oct 21 01:37:30 2017, 1508542650.277,    25.340,    52.880
Sat Oct 21 01:37:41 2017, 1508542661.682,    25.320,    52.630
Sat Oct 21 01:37:53 2017, 1508542673.285,    25.300,    51.800
Sat Oct 21 01:38:04 2017, 1508542684.806,    25.300,    51.330
Sat Oct 21 01:38:16 2017, 1508542696.198,    25.330,    50.850
Sat Oct 21 01:38:27 2017, 1508542707.698,    25.290,    50.480
Sat Oct 21 01:38:39 2017, 1508542719.325,    25.260,    50.620
Sat Oct 21 01:38:50 2017, 1508542730.778,    25.280,    50.320
Sat Oct 21 01:39:02 2017, 1508542742.291,    25.280,    50.030
Sat Oct 21 01:39:13 2017, 1508542753.783,    25.290,    49.980
Sat Oct 21 01:39:25 2017, 1508542765.264,    25.260,    50.050
Sat Oct 21 01:39:37 2017, 1508542777.662,    25.260,    50.160
Sat Oct 21 01:39:49 2017, 1508542789.137,    25.280,    50.130
Sat Oct 21 01:40:00 2017, 1508542800.636,    25.260,    50.230
Sat Oct 21 01:40:12 2017, 1508542812.125,    25.250,    50.060
Sat Oct 21 01:40:23 2017, 1508542823.638,    25.230,    50.010
Sat Oct 21 01:40:35 2017, 1508542835.134,    25.250,    50.120
Sat Oct 21 01:40:46 2017, 1508542846.640,    25.250,    50.100
Sat Oct 21 01:40:58 2017, 1508542858.027,    25.230,    50.170
Sat Oct 21 01:41:09 2017, 1508542869.509,    25.210,    50.170
Sat Oct 21 01:41:20 2017, 1508542880.416,    25.230,    50.140
Sat Oct 21 01:41:31 2017, 1508542891.916,    25.210,    50.080
Sat Oct 21 01:41:43 2017, 1508542903.385,    25.180,    50.250
Sat Oct 21 01:41:55 2017, 1508542915.404,    25.190,    50.330
Sat Oct 21 01:42:06 2017, 1508542926.903,    25.210,    50.030
Sat Oct 21 01:42:18 2017, 1508542938.369,    25.190,    50.130
Sat Oct 21 01:42:30 2017, 1508542950.921,    25.190,    49.990
Sat Oct 21 01:42:42 2017, 1508542962.376,    25.190,    50.030
Sat Oct 21 01:42:53 2017, 1508542973.828,    25.190,    50.150
Sat Oct 21 01:43:05 2017, 1508542985.461,    25.190,    50.080
Sat Oct 21 01:43:16 2017, 1508542996.804,    25.210,    50.130
Sat Oct 21 01:43:28 2017, 1508543008.279,    25.190,    50.160
Sat Oct 21 01:43:41 2017, 1508543021.189,    25.180,    50.530
Sat Oct 21 01:43:52 2017, 1508543032.299,    25.180,    50.410
Sat Oct 21 01:44:03 2017, 1508543043.624,    25.190,    50.030
Sat Oct 21 01:44:15 2017, 1508543055.134,    25.150,    50.080
Sat Oct 21 01:44:26 2017, 1508543066.598,    25.180,    50.090
Sat Oct 21 01:44:38 2017, 1508543078.066,    25.150,    50.370
Sat Oct 21 01:44:49 2017, 1508543089.559,    25.180,    50.450
Sat Oct 21 01:45:01 2017, 1508543101.110,    25.190,    50.210
Sat Oct 21 01:45:12 2017, 1508543112.475,    25.180,    50.440
Sat Oct 21 01:45:23 2017, 1508543123.991,    25.160,    50.210
Sat Oct 21 01:45:35 2017, 1508543135.695,    25.160,    50.070
Sat Oct 21 01:45:46 2017, 1508543146.959,    25.180,    50.550
Sat Oct 21 01:45:58 2017, 1508543158.546,    25.180,    50.560
Sat Oct 21 01:46:09 2017, 1508543169.941,    25.160,    50.250
Sat Oct 21 01:46:21 2017, 1508543181.612,    25.160,    50.400
Sat Oct 21 01:46:33 2017, 1508543193.077,    25.160,    50.100
Sat Oct 21 01:46:44 2017, 1508543204.580,    25.190,    50.380
Sat Oct 21 01:46:55 2017, 1508543215.917,    25.180,    50.480
Sat Oct 21 01:47:07 2017, 1508543227.554,    25.150,    50.530
Sat Oct 21 01:47:18 2017, 1508543238.950,    25.150,    50.200
Sat Oct 21 01:47:30 2017, 1508543250.503,    25.180,    50.300
Sat Oct 21 01:47:41 2017, 1508543261.938,    25.160,    50.390
Sat Oct 21 01:47:53 2017, 1508543273.458,    25.160,    50.910
Sat Oct 21 01:48:04 2017, 1508543284.914,    25.180,    50.660
Sat Oct 21 01:48:16 2017, 1508543296.388,    25.150,    50.550
Sat Oct 21 01:48:27 2017, 1508543307.331,    25.180,    50.270
Sat Oct 21 01:48:38 2017, 1508543318.902,    25.160,    50.260
Sat Oct 21 01:48:50 2017, 1508543330.373,    25.160,    50.190
Sat Oct 21 01:49:01 2017, 1508543341.792,    25.130,    50.130
Sat Oct 21 01:49:13 2017, 1508543353.315,    25.130,    50.290
Sat Oct 21 01:49:24 2017, 1508543364.853,    25.130,    50.380
Sat Oct 21 01:49:36 2017, 1508543376.439,    25.160,    50.610
Sat Oct 21 01:49:47 2017, 1508543387.776,    25.110,    50.530
Sat Oct 21 01:49:59 2017, 1508543399.436,    25.120,    50.400
Sat Oct 21 01:50:10 2017, 1508543410.890,    25.130,    50.330
Sat Oct 21 01:50:22 2017, 1508543422.371,    25.160,    50.700
Sat Oct 21 01:50:33 2017, 1508543433.914,    25.130,    50.680
Sat Oct 21 01:50:45 2017, 1508543445.436,    25.130,    50.570
Sat Oct 21 01:50:56 2017, 1508543456.887,    25.130,    50.740
Sat Oct 21 01:51:08 2017, 1508543468.410,    25.090,    50.520
Sat Oct 21 01:51:19 2017, 1508543479.917,    25.130,    50.400
Sat Oct 21 01:51:31 2017, 1508543491.419,    25.130,    50.460
Sat Oct 21 01:51:42 2017, 1508543502.900,    25.150,    50.410
Sat Oct 21 01:51:54 2017, 1508543514.390,    25.120,    50.690
Sat Oct 21 01:52:05 2017, 1508543525.897,    25.130,    50.700
Sat Oct 21 01:52:17 2017, 1508543537.382,    25.120,    50.420
Sat Oct 21 01:52:28 2017, 1508543548.909,    25.110,    50.370
Sat Oct 21 01:52:40 2017, 1508543560.379,    25.110,    50.120
Sat Oct 21 01:52:51 2017, 1508543571.875,    25.120,    50.620
Sat Oct 21 01:53:03 2017, 1508543583.396,    25.120,    50.800
Sat Oct 21 01:53:14 2017, 1508543594.907,    25.090,    50.440
Sat Oct 21 01:53:26 2017, 1508543606.424,    25.110,    50.190
Sat Oct 21 01:53:38 2017, 1508543618.921,    25.090,    51.040
Sat Oct 21 01:53:50 2017, 1508543630.418,    25.090,    51.230
Sat Oct 21 01:54:01 2017, 1508543641.941,    25.110,    50.920
Sat Oct 21 01:54:13 2017, 1508543653.429,    25.120,    50.890
Sat Oct 21 01:54:24 2017, 1508543664.881,    25.120,    50.420
Sat Oct 21 01:54:36 2017, 1508543676.428,    25.110,    50.370
Sat Oct 21 01:54:47 2017, 1508543687.883,    25.120,    50.380
Sat Oct 21 01:54:59 2017, 1508543699.460,    25.090,    50.280
Sat Oct 21 01:55:10 2017, 1508543710.892,    25.080,    50.380
Sat Oct 21 01:55:22 2017, 1508543722.446,    25.080,    50.200
Sat Oct 21 01:55:34 2017, 1508543734.064,    25.090,    50.330
Sat Oct 21 01:55:45 2017, 1508543745.506,    25.080,    50.210
Sat Oct 21 01:55:56 2017, 1508543756.877,    25.090,    50.100
Sat Oct 21 01:56:08 2017, 1508543768.353,    25.090,    50.380
Sat Oct 21 01:56:19 2017, 1508543779.844,    25.120,    50.120
Sat Oct 21 01:56:31 2017, 1508543791.319,    25.080,    50.260
Sat Oct 21 01:56:42 2017, 1508543802.828,    25.090,    50.320
Sat Oct 21 01:56:54 2017, 1508543814.400,    25.110,    50.640
Sat Oct 21 01:57:05 2017, 1508543825.798,    25.080,    50.100
Sat Oct 21 01:57:17 2017, 1508543837.353,    25.080,    50.220
